#
# There is insufficient memory for the Java Runtime Environment to continue.
# Native memory allocation (malloc) failed to allocate 651568 bytes for Chunk::new
# Possible reasons:
#   The system is out of physical RAM or swap space
#   The process is running with CompressedOops enabled, and the Java Heap may be blocking the growth of the native heap
# Possible solutions:
#   Reduce memory load on the system
#   Increase physical memory or swap space
#   Check if swap backing store is full
#   Decrease Java heap size (-Xmx/-Xms)
#   Decrease number of Java threads
#   Decrease Java thread stack sizes (-Xss)
#   Set larger code cache with -XX:ReservedCodeCacheSize=
#   JVM is running with Unscaled Compressed Oops mode in which the Java heap is
#     placed in the first 4GB address space. The Java Heap base address is the
#     maximum limit for the native heap growth. Please use -XX:HeapBaseMinAddress
#     to set the Java Heap base and to place the Java Heap above 4GB virtual address.
# This output file may be truncated or incomplete.
#
#  Out of Memory Error (arena.cpp:168), pid=19300, tid=22220
#
# JRE version: Java(TM) SE Runtime Environment (21.0.7+8) (build 21.0.7+8-LTS-245)
# Java VM: Java HotSpot(TM) 64-Bit Server VM (21.0.7+8-LTS-245, mixed mode, sharing, tiered, compressed oops, compressed class ptrs, g1 gc, windows-amd64)
# No core dump will be written. Minidumps are not enabled by default on client versions of Windows
#

---------------  S U M M A R Y ------------

Command Line: -javaagent:C:\Program Files\JetBrains\IntelliJ IDEA Community Edition 2025.2.2\lib\idea_rt.jar=60299 -Dfile.encoding=UTF-8 -Dsun.stdout.encoding=UTF-8 -Dsun.stderr.encoding=UTF-8 Examen1erParcial.sis414.Sis414Application

Host: Intel(R) Core(TM) i3-1005G1 CPU @ 1.20GHz, 4 cores, 3G,  Windows 10 , 64 bit Build 19041 (10.0.19041.5915)
Time: Thu Nov 20 22:41:46 2025 Hora estándar oeste, Sudamérica elapsed time: 1.618816 seconds (0d 0h 0m 1s)

---------------  T H R E A D  ---------------

Current thread (0x0000022ed7a6fb20):  JavaThread "C2 CompilerThread0" daemon [_thread_in_native, id=22220, stack(0x0000003442300000,0x0000003442400000) (1024K)]


Current CompileTask:
C2:   1619 1507       4       java.util.jar.JarFile::getEntry (35 bytes)

Stack: [0x0000003442300000,0x0000003442400000]
Native frames: (J=compiled Java code, j=interpreted, Vv=VM code, C=native code)
V  [jvm.dll+0x6cae19]
V  [jvm.dll+0x855741]
V  [jvm.dll+0x857c6e]
V  [jvm.dll+0x858343]
V  [jvm.dll+0x27e0b6]
V  [jvm.dll+0xc4ecd]
V  [jvm.dll+0xc5403]
V  [jvm.dll+0x3b578c]
V  [jvm.dll+0x381e25]
V  [jvm.dll+0x38129a]
V  [jvm.dll+0x246b30]
V  [jvm.dll+0x24610f]
V  [jvm.dll+0x1c6efe]
V  [jvm.dll+0x255819]
V  [jvm.dll+0x253daa]
V  [jvm.dll+0x3eebb6]
V  [jvm.dll+0x7ffa1b]
V  [jvm.dll+0x6c94fd]
C  [ucrtbase.dll+0x21bb2]
C  [KERNEL32.DLL+0x17374]
C  [ntdll.dll+0x4cc91]


---------------  P R O C E S S  ---------------

Threads class SMR info:
_java_thread_list=0x0000022f1dc87be0, length=13, elements={
0x0000022ebadade00, 0x0000022ed7a53a70, 0x0000022ed7a54c20, 0x0000022ed7a58ef0,
0x0000022ed7a59be0, 0x0000022ed7a5c730, 0x0000022ed7a6b450, 0x0000022ed7a6fb20,
0x0000022ed7a70850, 0x0000022f1d04b5c0, 0x0000022f1d37c240, 0x0000022f1d384dd0,
0x0000022f1da40b50
}

Java Threads: ( => current thread )
  0x0000022ebadade00 JavaThread "main"                              [_thread_in_vm, id=4832, stack(0x0000003441500000,0x0000003441600000) (1024K)]
  0x0000022ed7a53a70 JavaThread "Reference Handler"          daemon [_thread_blocked, id=8132, stack(0x0000003441d00000,0x0000003441e00000) (1024K)]
  0x0000022ed7a54c20 JavaThread "Finalizer"                  daemon [_thread_blocked, id=19520, stack(0x0000003441e00000,0x0000003441f00000) (1024K)]
  0x0000022ed7a58ef0 JavaThread "Signal Dispatcher"          daemon [_thread_blocked, id=7892, stack(0x0000003441f00000,0x0000003442000000) (1024K)]
  0x0000022ed7a59be0 JavaThread "Attach Listener"            daemon [_thread_blocked, id=17348, stack(0x0000003442000000,0x0000003442100000) (1024K)]
  0x0000022ed7a5c730 JavaThread "Service Thread"             daemon [_thread_blocked, id=12028, stack(0x0000003442100000,0x0000003442200000) (1024K)]
  0x0000022ed7a6b450 JavaThread "Monitor Deflation Thread"   daemon [_thread_blocked, id=20852, stack(0x0000003442200000,0x0000003442300000) (1024K)]
=>0x0000022ed7a6fb20 JavaThread "C2 CompilerThread0"         daemon [_thread_in_native, id=22220, stack(0x0000003442300000,0x0000003442400000) (1024K)]
  0x0000022ed7a70850 JavaThread "C1 CompilerThread0"         daemon [_thread_blocked, id=18576, stack(0x0000003442400000,0x0000003442500000) (1024K)]
  0x0000022f1d04b5c0 JavaThread "Common-Cleaner"             daemon [_thread_blocked, id=12836, stack(0x0000003442500000,0x0000003442600000) (1024K)]
  0x0000022f1d37c240 JavaThread "Monitor Ctrl-Break"         daemon [_thread_in_native, id=22192, stack(0x0000003442600000,0x0000003442700000) (1024K)]
  0x0000022f1d384dd0 JavaThread "Notification Thread"        daemon [_thread_blocked, id=19364, stack(0x0000003442700000,0x0000003442800000) (1024K)]
  0x0000022f1da40b50 JavaThread "background-preinit"                [_thread_in_vm, id=8988, stack(0x0000003442b00000,0x0000003442c00000) (1024K)]
Total: 13

Other Threads:
  0x0000022ed7a3d0d0 VMThread "VM Thread"                           [id=6684, stack(0x0000003441c00000,0x0000003441d00000) (1024K)]
  0x0000022ebafcec10 WatcherThread "VM Periodic Task Thread"        [id=2756, stack(0x0000003441b00000,0x0000003441c00000) (1024K)]
  0x0000022ebaf573d0 WorkerThread "GC Thread#0"                     [id=21164, stack(0x0000003441600000,0x0000003441700000) (1024K)]
  0x0000022f1d878eb0 WorkerThread "GC Thread#1"                     [id=18700, stack(0x0000003442800000,0x0000003442900000) (1024K)]
  0x0000022f1d4cc780 WorkerThread "GC Thread#2"                     [id=21412, stack(0x0000003442900000,0x0000003442a00000) (1024K)]
  0x0000022f1d4ccb20 WorkerThread "GC Thread#3"                     [id=356, stack(0x0000003442a00000,0x0000003442b00000) (1024K)]
  0x0000022ebaf5fea0 ConcurrentGCThread "G1 Main Marker"            [id=596, stack(0x0000003441700000,0x0000003441800000) (1024K)]
  0x0000022ebaf61760 WorkerThread "G1 Conc#0"                       [id=19676, stack(0x0000003441800000,0x0000003441900000) (1024K)]
  0x0000022ebafbe400 ConcurrentGCThread "G1 Refine#0"               [id=23396, stack(0x0000003441900000,0x0000003441a00000) (1024K)]
  0x0000022ebafbef70 ConcurrentGCThread "G1 Service"                [id=21072, stack(0x0000003441a00000,0x0000003441b00000) (1024K)]
Total: 10

Threads with active compile tasks:
C2 CompilerThread0     1688 1507       4       java.util.jar.JarFile::getEntry (35 bytes)
Total: 1

VM state: not at safepoint (normal execution)

VM Mutex/Monitor currently owned by a thread:  ([mutex/lock_event])
[0x00007ffc741bbe50] Metaspace_lock - owner thread: 0x0000022f1da40b50

Heap address: 0x00000000c3600000, size: 970 MB, Compressed Oops mode: 32-bit

CDS archive(s) mapped at: [0x0000022ed8000000-0x0000022ed8c90000-0x0000022ed8c90000), size 13172736, SharedBaseAddress: 0x0000022ed8000000, ArchiveRelocationMode: 1.
Compressed class space mapped at: 0x0000022ed9000000-0x0000022f19000000, reserved size: 1073741824
Narrow klass base: 0x0000022ed8000000, Narrow klass shift: 0, Narrow klass range: 0x100000000

GC Precious Log:
 CardTable entry size: 512
 Card Set container configuration: InlinePtr #cards 5 size 8 Array Of Cards #cards 12 size 40 Howl #buckets 4 coarsen threshold 1843 Howl Bitmap #cards 512 size 80 coarsen threshold 460 Card regions per heap region 1 cards per card region 2048
 CPUs: 4 total, 4 available
 Memory: 3877M
 Large Page Support: Disabled
 NUMA Support: Disabled
 Compressed Oops: Enabled (32-bit)
 Heap Region Size: 1M
 Heap Min Capacity: 8M
 Heap Initial Capacity: 62M
 Heap Max Capacity: 970M
 Pre-touch: Disabled
 Parallel Workers: 4
 Concurrent Workers: 1
 Concurrent Refinement Workers: 4
 Periodic GC: Disabled

Heap:
 garbage-first heap   total 63488K, used 16896K [0x00000000c3600000, 0x0000000100000000)
  region size 1024K, 16 young (16384K), 2 survivors (2048K)
 Metaspace       used 8525K, committed 8768K, reserved 1114112K
  class space    used 1042K, committed 1152K, reserved 1048576K

Heap Regions: E=young(eden), S=young(survivor), O=old, HS=humongous(starts), HC=humongous(continues), CS=collection set, F=free, TAMS=top-at-mark-start, PB=parsable bottom
|   0|0x00000000c3600000, 0x00000000c3700000, 0x00000000c3700000|100%| O|  |TAMS 0x00000000c3600000| PB 0x00000000c3600000| Untracked 
|   1|0x00000000c3700000, 0x00000000c3780000, 0x00000000c3800000| 50%| O|  |TAMS 0x00000000c3700000| PB 0x00000000c3700000| Untracked 
|   2|0x00000000c3800000, 0x00000000c3800000, 0x00000000c3900000|  0%| F|  |TAMS 0x00000000c3800000| PB 0x00000000c3800000| Untracked 
|   3|0x00000000c3900000, 0x00000000c3900000, 0x00000000c3a00000|  0%| F|  |TAMS 0x00000000c3900000| PB 0x00000000c3900000| Untracked 
|   4|0x00000000c3a00000, 0x00000000c3a00000, 0x00000000c3b00000|  0%| F|  |TAMS 0x00000000c3a00000| PB 0x00000000c3a00000| Untracked 
|   5|0x00000000c3b00000, 0x00000000c3b00000, 0x00000000c3c00000|  0%| F|  |TAMS 0x00000000c3b00000| PB 0x00000000c3b00000| Untracked 
|   6|0x00000000c3c00000, 0x00000000c3c00000, 0x00000000c3d00000|  0%| F|  |TAMS 0x00000000c3c00000| PB 0x00000000c3c00000| Untracked 
|   7|0x00000000c3d00000, 0x00000000c3d00000, 0x00000000c3e00000|  0%| F|  |TAMS 0x00000000c3d00000| PB 0x00000000c3d00000| Untracked 
|   8|0x00000000c3e00000, 0x00000000c3e00000, 0x00000000c3f00000|  0%| F|  |TAMS 0x00000000c3e00000| PB 0x00000000c3e00000| Untracked 
|   9|0x00000000c3f00000, 0x00000000c3f00000, 0x00000000c4000000|  0%| F|  |TAMS 0x00000000c3f00000| PB 0x00000000c3f00000| Untracked 
|  10|0x00000000c4000000, 0x00000000c4000000, 0x00000000c4100000|  0%| F|  |TAMS 0x00000000c4000000| PB 0x00000000c4000000| Untracked 
|  11|0x00000000c4100000, 0x00000000c4100000, 0x00000000c4200000|  0%| F|  |TAMS 0x00000000c4100000| PB 0x00000000c4100000| Untracked 
|  12|0x00000000c4200000, 0x00000000c4200000, 0x00000000c4300000|  0%| F|  |TAMS 0x00000000c4200000| PB 0x00000000c4200000| Untracked 
|  13|0x00000000c4300000, 0x00000000c4300000, 0x00000000c4400000|  0%| F|  |TAMS 0x00000000c4300000| PB 0x00000000c4300000| Untracked 
|  14|0x00000000c4400000, 0x00000000c4400000, 0x00000000c4500000|  0%| F|  |TAMS 0x00000000c4400000| PB 0x00000000c4400000| Untracked 
|  15|0x00000000c4500000, 0x00000000c4500000, 0x00000000c4600000|  0%| F|  |TAMS 0x00000000c4500000| PB 0x00000000c4500000| Untracked 
|  16|0x00000000c4600000, 0x00000000c4600000, 0x00000000c4700000|  0%| F|  |TAMS 0x00000000c4600000| PB 0x00000000c4600000| Untracked 
|  17|0x00000000c4700000, 0x00000000c4700000, 0x00000000c4800000|  0%| F|  |TAMS 0x00000000c4700000| PB 0x00000000c4700000| Untracked 
|  18|0x00000000c4800000, 0x00000000c4800000, 0x00000000c4900000|  0%| F|  |TAMS 0x00000000c4800000| PB 0x00000000c4800000| Untracked 
|  19|0x00000000c4900000, 0x00000000c4900000, 0x00000000c4a00000|  0%| F|  |TAMS 0x00000000c4900000| PB 0x00000000c4900000| Untracked 
|  20|0x00000000c4a00000, 0x00000000c4a00000, 0x00000000c4b00000|  0%| F|  |TAMS 0x00000000c4a00000| PB 0x00000000c4a00000| Untracked 
|  21|0x00000000c4b00000, 0x00000000c4b00000, 0x00000000c4c00000|  0%| F|  |TAMS 0x00000000c4b00000| PB 0x00000000c4b00000| Untracked 
|  22|0x00000000c4c00000, 0x00000000c4c00000, 0x00000000c4d00000|  0%| F|  |TAMS 0x00000000c4c00000| PB 0x00000000c4c00000| Untracked 
|  23|0x00000000c4d00000, 0x00000000c4d00000, 0x00000000c4e00000|  0%| F|  |TAMS 0x00000000c4d00000| PB 0x00000000c4d00000| Untracked 
|  24|0x00000000c4e00000, 0x00000000c4e00000, 0x00000000c4f00000|  0%| F|  |TAMS 0x00000000c4e00000| PB 0x00000000c4e00000| Untracked 
|  25|0x00000000c4f00000, 0x00000000c4f00000, 0x00000000c5000000|  0%| F|  |TAMS 0x00000000c4f00000| PB 0x00000000c4f00000| Untracked 
|  26|0x00000000c5000000, 0x00000000c5000000, 0x00000000c5100000|  0%| F|  |TAMS 0x00000000c5000000| PB 0x00000000c5000000| Untracked 
|  27|0x00000000c5100000, 0x00000000c5100000, 0x00000000c5200000|  0%| F|  |TAMS 0x00000000c5100000| PB 0x00000000c5100000| Untracked 
|  28|0x00000000c5200000, 0x00000000c5200000, 0x00000000c5300000|  0%| F|  |TAMS 0x00000000c5200000| PB 0x00000000c5200000| Untracked 
|  29|0x00000000c5300000, 0x00000000c5300000, 0x00000000c5400000|  0%| F|  |TAMS 0x00000000c5300000| PB 0x00000000c5300000| Untracked 
|  30|0x00000000c5400000, 0x00000000c5400000, 0x00000000c5500000|  0%| F|  |TAMS 0x00000000c5400000| PB 0x00000000c5400000| Untracked 
|  31|0x00000000c5500000, 0x00000000c5500000, 0x00000000c5600000|  0%| F|  |TAMS 0x00000000c5500000| PB 0x00000000c5500000| Untracked 
|  32|0x00000000c5600000, 0x00000000c5600000, 0x00000000c5700000|  0%| F|  |TAMS 0x00000000c5600000| PB 0x00000000c5600000| Untracked 
|  33|0x00000000c5700000, 0x00000000c5700000, 0x00000000c5800000|  0%| F|  |TAMS 0x00000000c5700000| PB 0x00000000c5700000| Untracked 
|  34|0x00000000c5800000, 0x00000000c5800000, 0x00000000c5900000|  0%| F|  |TAMS 0x00000000c5800000| PB 0x00000000c5800000| Untracked 
|  35|0x00000000c5900000, 0x00000000c5900000, 0x00000000c5a00000|  0%| F|  |TAMS 0x00000000c5900000| PB 0x00000000c5900000| Untracked 
|  36|0x00000000c5a00000, 0x00000000c5a00000, 0x00000000c5b00000|  0%| F|  |TAMS 0x00000000c5a00000| PB 0x00000000c5a00000| Untracked 
|  37|0x00000000c5b00000, 0x00000000c5b00000, 0x00000000c5c00000|  0%| F|  |TAMS 0x00000000c5b00000| PB 0x00000000c5b00000| Untracked 
|  38|0x00000000c5c00000, 0x00000000c5c00000, 0x00000000c5d00000|  0%| F|  |TAMS 0x00000000c5c00000| PB 0x00000000c5c00000| Untracked 
|  39|0x00000000c5d00000, 0x00000000c5d00000, 0x00000000c5e00000|  0%| F|  |TAMS 0x00000000c5d00000| PB 0x00000000c5d00000| Untracked 
|  40|0x00000000c5e00000, 0x00000000c5e00000, 0x00000000c5f00000|  0%| F|  |TAMS 0x00000000c5e00000| PB 0x00000000c5e00000| Untracked 
|  41|0x00000000c5f00000, 0x00000000c5f00000, 0x00000000c6000000|  0%| F|  |TAMS 0x00000000c5f00000| PB 0x00000000c5f00000| Untracked 
|  42|0x00000000c6000000, 0x00000000c6000000, 0x00000000c6100000|  0%| F|  |TAMS 0x00000000c6000000| PB 0x00000000c6000000| Untracked 
|  43|0x00000000c6100000, 0x00000000c6100000, 0x00000000c6200000|  0%| F|  |TAMS 0x00000000c6100000| PB 0x00000000c6100000| Untracked 
|  44|0x00000000c6200000, 0x00000000c6200000, 0x00000000c6300000|  0%| F|  |TAMS 0x00000000c6200000| PB 0x00000000c6200000| Untracked 
|  45|0x00000000c6300000, 0x00000000c6300000, 0x00000000c6400000|  0%| F|  |TAMS 0x00000000c6300000| PB 0x00000000c6300000| Untracked 
|  46|0x00000000c6400000, 0x00000000c64c8c08, 0x00000000c6500000| 78%| E|  |TAMS 0x00000000c6400000| PB 0x00000000c6400000| Complete 
|  47|0x00000000c6500000, 0x00000000c6600000, 0x00000000c6600000|100%| S|CS|TAMS 0x00000000c6500000| PB 0x00000000c6500000| Complete 
|  48|0x00000000c6600000, 0x00000000c6700000, 0x00000000c6700000|100%| S|CS|TAMS 0x00000000c6600000| PB 0x00000000c6600000| Complete 
|  49|0x00000000c6700000, 0x00000000c6800000, 0x00000000c6800000|100%| E|CS|TAMS 0x00000000c6700000| PB 0x00000000c6700000| Complete 
|  50|0x00000000c6800000, 0x00000000c6900000, 0x00000000c6900000|100%| E|CS|TAMS 0x00000000c6800000| PB 0x00000000c6800000| Complete 
|  51|0x00000000c6900000, 0x00000000c6a00000, 0x00000000c6a00000|100%| E|CS|TAMS 0x00000000c6900000| PB 0x00000000c6900000| Complete 
|  52|0x00000000c6a00000, 0x00000000c6b00000, 0x00000000c6b00000|100%| E|CS|TAMS 0x00000000c6a00000| PB 0x00000000c6a00000| Complete 
|  53|0x00000000c6b00000, 0x00000000c6c00000, 0x00000000c6c00000|100%| E|CS|TAMS 0x00000000c6b00000| PB 0x00000000c6b00000| Complete 
|  54|0x00000000c6c00000, 0x00000000c6d00000, 0x00000000c6d00000|100%| E|CS|TAMS 0x00000000c6c00000| PB 0x00000000c6c00000| Complete 
|  55|0x00000000c6d00000, 0x00000000c6e00000, 0x00000000c6e00000|100%| E|CS|TAMS 0x00000000c6d00000| PB 0x00000000c6d00000| Complete 
|  56|0x00000000c6e00000, 0x00000000c6f00000, 0x00000000c6f00000|100%| E|CS|TAMS 0x00000000c6e00000| PB 0x00000000c6e00000| Complete 
|  57|0x00000000c6f00000, 0x00000000c7000000, 0x00000000c7000000|100%| E|CS|TAMS 0x00000000c6f00000| PB 0x00000000c6f00000| Complete 
|  58|0x00000000c7000000, 0x00000000c7100000, 0x00000000c7100000|100%| E|CS|TAMS 0x00000000c7000000| PB 0x00000000c7000000| Complete 
|  59|0x00000000c7100000, 0x00000000c7200000, 0x00000000c7200000|100%| E|CS|TAMS 0x00000000c7100000| PB 0x00000000c7100000| Complete 
|  60|0x00000000c7200000, 0x00000000c7300000, 0x00000000c7300000|100%| E|CS|TAMS 0x00000000c7200000| PB 0x00000000c7200000| Complete 
|  61|0x00000000c7300000, 0x00000000c7400000, 0x00000000c7400000|100%| E|CS|TAMS 0x00000000c7300000| PB 0x00000000c7300000| Complete 

Card table byte_map: [0x0000022ed4380000,0x0000022ed4570000] _byte_map_base: 0x0000022ed3d65000

Marking Bits: (CMBitMap*) 0x0000022ebaf57ad0
 Bits: [0x0000022ed4570000, 0x0000022ed5498000)

Polling page: 0x0000022ebae90000

Metaspace:

Usage:
  Non-class:      7.31 MB used.
      Class:      1.02 MB used.
       Both:      8.33 MB used.

Virtual space:
  Non-class space:       64.00 MB reserved,       7.44 MB ( 12%) committed,  1 nodes.
      Class space:        1.00 GB reserved,       1.12 MB ( <1%) committed,  1 nodes.
             Both:        1.06 GB reserved,       8.56 MB ( <1%) committed. 

Chunk freelists:
   Non-Class:  7.92 MB
       Class:  14.72 MB
        Both:  22.64 MB

MaxMetaspaceSize: unlimited
CompressedClassSpaceSize: 1.00 GB
Initial GC threshold: 21.00 MB
Current GC threshold: 21.00 MB
CDS: on
 - commit_granule_bytes: 65536.
 - commit_granule_words: 8192.
 - virtual_space_node_default_size: 8388608.
 - enlarge_chunks_in_place: 1.
 - use_allocation_guard: 0.


Internal statistics:

num_allocs_failed_limit: 0.
num_arena_births: 236.
num_arena_deaths: 0.
num_vsnodes_births: 2.
num_vsnodes_deaths: 0.
num_space_committed: 137.
num_space_uncommitted: 0.
num_chunks_returned_to_freelist: 0.
num_chunks_taken_from_freelist: 541.
num_chunk_merges: 0.
num_chunk_splits: 309.
num_chunks_enlarged: 177.
num_inconsistent_stats: 0.

CodeHeap 'non-profiled nmethods': size=120000Kb used=541Kb max_used=541Kb free=119458Kb
 bounds [0x0000022ecc630000, 0x0000022ecc8a0000, 0x0000022ed3b60000]
CodeHeap 'profiled nmethods': size=120000Kb used=2801Kb max_used=2801Kb free=117198Kb
 bounds [0x0000022ec4b60000, 0x0000022ec4e20000, 0x0000022ecc090000]
CodeHeap 'non-nmethods': size=5760Kb used=1520Kb max_used=1529Kb free=4239Kb
 bounds [0x0000022ecc090000, 0x0000022ecc300000, 0x0000022ecc630000]
 total_blobs=2061 nmethods=1579 adapters=387
 compilation: enabled
              stopped_count=0, restarted_count=0
 full_count=0

Compilation events (20 events):
Event: 1.566 Thread 0x0000022ed7a70850 1524       3       java.lang.Math::floorDiv (30 bytes)
Event: 1.566 Thread 0x0000022ed7a70850 nmethod 1524 0x0000022ec4dff010 code [0x0000022ec4dff1c0, 0x0000022ec4dff3b0]
Event: 1.583 Thread 0x0000022ed7a70850 1526       3       ch.qos.logback.core.subst.Tokenizer::handleLiteralState (141 bytes)
Event: 1.584 Thread 0x0000022ed7a70850 nmethod 1526 0x0000022ec4dff490 code [0x0000022ec4dff740, 0x0000022ec4e000a0]
Event: 1.590 Thread 0x0000022ed7a70850 1527       3       java.lang.invoke.LambdaFormEditor$Transform::equals (32 bytes)
Event: 1.591 Thread 0x0000022ed7a70850 nmethod 1527 0x0000022ec4e00410 code [0x0000022ec4e005c0, 0x0000022ec4e00798]
Event: 1.591 Thread 0x0000022ed7a70850 1528       3       java.util.Arrays::equals (43 bytes)
Event: 1.591 Thread 0x0000022ed7a70850 nmethod 1528 0x0000022ec4e00890 code [0x0000022ec4e00a60, 0x0000022ec4e00d40]
Event: 1.591 Thread 0x0000022ed7a70850 1529       3       ch.qos.logback.core.subst.Parser::peekAtCurentToken (35 bytes)
Event: 1.591 Thread 0x0000022ed7a70850 nmethod 1529 0x0000022ec4e00e10 code [0x0000022ec4e00fe0, 0x0000022ec4e013f8]
Event: 1.591 Thread 0x0000022ed7a70850 1530       3       java.lang.invoke.ClassSpecializer$SpeciesData::fieldCount (10 bytes)
Event: 1.591 Thread 0x0000022ed7a70850 nmethod 1530 0x0000022ec4e01510 code [0x0000022ec4e016c0, 0x0000022ec4e01898]
Event: 1.592 Thread 0x0000022ed7a70850 1532       3       java.lang.ProcessEnvironment$NameComparator::compare (90 bytes)
Event: 1.593 Thread 0x0000022ed7a70850 nmethod 1532 0x0000022ec4e01990 code [0x0000022ec4e01ca0, 0x0000022ec4e02ef0]
Event: 1.593 Thread 0x0000022ed7a70850 1531       3       java.lang.ProcessEnvironment$NameComparator::compare (13 bytes)
Event: 1.593 Thread 0x0000022ed7a70850 nmethod 1531 0x0000022ec4e03710 code [0x0000022ec4e038c0, 0x0000022ec4e03be0]
Event: 1.594 Thread 0x0000022ed7a70850 1534       3       java.util.Properties::getProperty (50 bytes)
Event: 1.595 Thread 0x0000022ed7a70850 nmethod 1534 0x0000022ec4e03c90 code [0x0000022ec4e03e60, 0x0000022ec4e04358]
Event: 1.595 Thread 0x0000022ed7a70850 1535       3       java.lang.invoke.DirectMethodHandle$Holder::invokeStatic (17 bytes)
Event: 1.595 Thread 0x0000022ed7a70850 nmethod 1535 0x0000022ec4e04490 code [0x0000022ec4e04660, 0x0000022ec4e04b70]

GC Heap History (2 events):
Event: 1.030 GC heap before
{Heap before GC invocations=0 (full 0):
 garbage-first heap   total 63488K, used 13312K [0x00000000c3600000, 0x0000000100000000)
  region size 1024K, 13 young (13312K), 0 survivors (0K)
 Metaspace       used 4419K, committed 4608K, reserved 1114112K
  class space    used 481K, committed 576K, reserved 1048576K
}
Event: 1.036 GC heap after
{Heap after GC invocations=1 (full 0):
 garbage-first heap   total 63488K, used 3584K [0x00000000c3600000, 0x0000000100000000)
  region size 1024K, 2 young (2048K), 2 survivors (2048K)
 Metaspace       used 4419K, committed 4608K, reserved 1114112K
  class space    used 481K, committed 576K, reserved 1048576K
}

Dll operation events (9 events):
Event: 0.027 Loaded shared library C:\Program Files\Java\jdk-21\bin\java.dll
Event: 0.069 Loaded shared library C:\Program Files\Java\jdk-21\bin\jsvml.dll
Event: 0.224 Loaded shared library C:\Program Files\Java\jdk-21\bin\zip.dll
Event: 0.231 Loaded shared library C:\Program Files\Java\jdk-21\bin\instrument.dll
Event: 0.240 Loaded shared library C:\Program Files\Java\jdk-21\bin\net.dll
Event: 0.243 Loaded shared library C:\Program Files\Java\jdk-21\bin\nio.dll
Event: 0.250 Loaded shared library C:\Program Files\Java\jdk-21\bin\zip.dll
Event: 0.527 Loaded shared library C:\Program Files\Java\jdk-21\bin\extnet.dll
Event: 0.592 Loaded shared library C:\Program Files\Java\jdk-21\bin\jimage.dll

Deoptimization events (20 events):
Event: 1.168 Thread 0x0000022ebadade00 DEOPT PACKING pc=0x0000022ec4be6503 sp=0x00000034415fe540
Event: 1.168 Thread 0x0000022ebadade00 DEOPT UNPACKING pc=0x0000022ecc0e88e2 sp=0x00000034415fda48 mode 0
Event: 1.412 Thread 0x0000022ebadade00 DEOPT PACKING pc=0x0000022ec4bb285f sp=0x00000034415fde90
Event: 1.412 Thread 0x0000022ebadade00 DEOPT UNPACKING pc=0x0000022ecc0e88e2 sp=0x00000034415fd368 mode 0
Event: 1.427 Thread 0x0000022ebadade00 Uncommon trap: trap_request=0xffffffde fr.pc=0x0000022ecc6932d0 relative=0x0000000000000990
Event: 1.427 Thread 0x0000022ebadade00 Uncommon trap: reason=class_check action=maybe_recompile pc=0x0000022ecc6932d0 method=java.util.HashMap.putVal(ILjava/lang/Object;Ljava/lang/Object;ZZ)Ljava/lang/Object; @ 91 c2
Event: 1.427 Thread 0x0000022ebadade00 DEOPT PACKING pc=0x0000022ecc6932d0 sp=0x00000034415fe600
Event: 1.427 Thread 0x0000022ebadade00 DEOPT UNPACKING pc=0x0000022ecc0e7da2 sp=0x00000034415fe530 mode 2
Event: 1.427 Thread 0x0000022ebadade00 Uncommon trap: trap_request=0xffffffde fr.pc=0x0000022ecc6932d0 relative=0x0000000000000990
Event: 1.427 Thread 0x0000022ebadade00 Uncommon trap: reason=class_check action=maybe_recompile pc=0x0000022ecc6932d0 method=java.util.HashMap.putVal(ILjava/lang/Object;Ljava/lang/Object;ZZ)Ljava/lang/Object; @ 91 c2
Event: 1.427 Thread 0x0000022ebadade00 DEOPT PACKING pc=0x0000022ecc6932d0 sp=0x00000034415fe600
Event: 1.427 Thread 0x0000022ebadade00 DEOPT UNPACKING pc=0x0000022ecc0e7da2 sp=0x00000034415fe530 mode 2
Event: 1.468 Thread 0x0000022ebadade00 Uncommon trap: trap_request=0xffffff45 fr.pc=0x0000022ecc68f370 relative=0x0000000000000230
Event: 1.468 Thread 0x0000022ebadade00 Uncommon trap: reason=unstable_if action=reinterpret pc=0x0000022ecc68f370 method=java.lang.String.startsWith(Ljava/lang/String;I)Z @ 1 c2
Event: 1.468 Thread 0x0000022ebadade00 DEOPT PACKING pc=0x0000022ecc68f370 sp=0x00000034415fe960
Event: 1.468 Thread 0x0000022ebadade00 DEOPT UNPACKING pc=0x0000022ecc0e7da2 sp=0x00000034415fe8f0 mode 2
Event: 1.555 Thread 0x0000022ebadade00 Uncommon trap: trap_request=0xffffff54 fr.pc=0x0000022ecc681478 relative=0x00000000000013d8
Event: 1.555 Thread 0x0000022ebadade00 Uncommon trap: reason=speculate_null_assert action=make_not_entrant pc=0x0000022ecc681478 method=java.util.jar.JarFile.getVersionedEntry(Ljava/lang/String;Ljava/util/jar/JarEntry;)Ljava/util/jar/JarEntry; @ 115 c2
Event: 1.555 Thread 0x0000022ebadade00 DEOPT PACKING pc=0x0000022ecc681478 sp=0x00000034415fd9c0
Event: 1.555 Thread 0x0000022ebadade00 DEOPT UNPACKING pc=0x0000022ecc0e7da2 sp=0x00000034415fd968 mode 2

Classes loaded (20 events):
Event: 1.556 Loading class java/util/concurrent/ScheduledExecutorService
Event: 1.556 Loading class java/util/concurrent/ScheduledExecutorService done
Event: 1.556 Loading class java/lang/ThreadBuilders$VirtualThreadBuilder
Event: 1.557 Loading class java/lang/Thread$Builder$OfVirtual
Event: 1.557 Loading class java/lang/Thread$Builder
Event: 1.557 Loading class java/lang/Thread$Builder done
Event: 1.557 Loading class java/lang/Thread$Builder$OfVirtual done
Event: 1.557 Loading class java/lang/ThreadBuilders$BaseThreadBuilder
Event: 1.558 Loading class java/lang/ThreadBuilders$BaseThreadBuilder done
Event: 1.558 Loading class java/lang/ThreadBuilders$VirtualThreadBuilder done
Event: 1.558 Loading class java/lang/ThreadBuilders
Event: 1.558 Loading class java/lang/ThreadBuilders done
Event: 1.558 Loading class java/lang/ThreadBuilders$VirtualThreadFactory
Event: 1.558 Loading class java/lang/ThreadBuilders$BaseThreadFactory
Event: 1.558 Loading class java/lang/ThreadBuilders$BaseThreadFactory done
Event: 1.558 Loading class java/lang/ThreadBuilders$VirtualThreadFactory done
Event: 1.588 Loading class java/util/Stack
Event: 1.588 Loading class java/util/Stack done
Event: 1.589 Loading class java/util/Vector$Itr
Event: 1.590 Loading class java/util/Vector$Itr done

Classes unloaded (0 events):
No events

Classes redefined (0 events):
No events

Internal exceptions (20 events):
Event: 1.344 Thread 0x0000022ebadade00 Exception <a 'java/lang/NoSuchMethodError'{0x00000000c6da5b28}: 'java.lang.Object java.lang.invoke.DirectMethodHandle$Holder.newInvokeSpecial(java.lang.Object, java.lang.Object, java.lang.Object, java.lang.Object, java.lang.Object, java.lang.Object, java.lang.Object)'> (0x00000000c6da5b28) 
thrown [s\open\src\hotspot\share\interpreter\linkResolver.cpp, line 773]
Event: 1.352 Thread 0x0000022ebadade00 Exception <a 'java/lang/NoSuchMethodError'{0x00000000c6dbd968}: 'void java.lang.invoke.DirectMethodHandle$Holder.invokeStaticInit(java.lang.Object, java.lang.Object)'> (0x00000000c6dbd968) 
thrown [s\open\src\hotspot\share\interpreter\linkResolver.cpp, line 773]
Event: 1.365 Thread 0x0000022ebadade00 Exception <a 'java/lang/NoSuchMethodError'{0x00000000c6dfd4d0}: 'int java.lang.invoke.DirectMethodHandle$Holder.invokeStatic(java.lang.Object, java.lang.Object, java.lang.Object, java.lang.Object)'> (0x00000000c6dfd4d0) 
thrown [s\open\src\hotspot\share\interpreter\linkResolver.cpp, line 773]
Event: 1.366 Thread 0x0000022ebadade00 Exception <a 'java/lang/NoSuchMethodError'{0x00000000c6c00dc0}: 'java.lang.Object java.lang.invoke.Invokers$Holder.invokeExact_MT(java.lang.Object, java.lang.Object, java.lang.Object, java.lang.Object, java.lang.Object, java.lang.Object)'> (0x00000000c6c00dc0) 
thrown [s\open\src\hotspot\share\interpreter\linkResolver.cpp, line 773]
Event: 1.385 Thread 0x0000022ebadade00 Exception <a 'java/lang/NoSuchMethodError'{0x00000000c6c66ec0}: 'java.lang.Object java.lang.invoke.DirectMethodHandle$Holder.invokeSpecial(java.lang.Object, java.lang.Object, java.lang.Object, java.lang.Object, java.lang.Object, java.lang.Object, int)'> (0x00000000c6c66ec0) 
thrown [s\open\src\hotspot\share\interpreter\linkResolver.cpp, line 773]
Event: 1.387 Thread 0x0000022ebadade00 Exception <a 'java/lang/NoSuchMethodError'{0x00000000c6c73618}: 'java.lang.Object java.lang.invoke.DirectMethodHandle$Holder.newInvokeSpecial(java.lang.Object, java.lang.Object, java.lang.Object, java.lang.Object, java.lang.Object, java.lang.Object, int)'> (0x00000000c6c73618) 
thrown [s\open\src\hotspot\share\interpreter\linkResolver.cpp, line 773]
Event: 1.387 Thread 0x0000022ebadade00 Exception <a 'java/lang/NoSuchMethodError'{0x00000000c6c77bd8}: 'java.lang.Object java.lang.invoke.DirectMethodHandle$Holder.invokeSpecial(java.lang.Object, java.lang.Object, java.lang.Object, java.lang.Object, java.lang.Object, java.lang.Object, java.lang.Object, int)'> (0x00000000c6c77bd8) 
thrown [s\open\src\hotspot\share\interpreter\linkResolver.cpp, line 773]
Event: 1.428 Thread 0x0000022ebadade00 Exception <a 'java/lang/NoSuchMethodError'{0x00000000c6b8f6e0}: 'int java.lang.invoke.DirectMethodHandle$Holder.invokeInterface(java.lang.Object, java.lang.Object)'> (0x00000000c6b8f6e0) 
thrown [s\open\src\hotspot\share\interpreter\linkResolver.cpp, line 773]
Event: 1.434 Thread 0x0000022ebadade00 Exception <a 'java/lang/NoSuchMethodError'{0x00000000c6bb0500}: 'void java.lang.invoke.DirectMethodHandle$Holder.invokeSpecial(java.lang.Object, java.lang.Object, java.lang.Object, java.lang.Object, java.lang.Object)'> (0x00000000c6bb0500) 
thrown [s\open\src\hotspot\share\interpreter\linkResolver.cpp, line 773]
Event: 1.444 Thread 0x0000022ebadade00 Exception <a 'java/lang/NoSuchMethodError'{0x00000000c6bca1c0}: 'java.lang.Object java.lang.invoke.DirectMethodHandle$Holder.invokeSpecial(java.lang.Object, java.lang.Object, java.lang.Object, int, java.lang.Object)'> (0x00000000c6bca1c0) 
thrown [s\open\src\hotspot\share\interpreter\linkResolver.cpp, line 773]
Event: 1.444 Thread 0x0000022ebadade00 Exception <a 'java/lang/NoSuchMethodError'{0x00000000c6bd1ad0}: 'java.lang.Object java.lang.invoke.DirectMethodHandle$Holder.newInvokeSpecial(java.lang.Object, java.lang.Object, java.lang.Object, int, java.lang.Object)'> (0x00000000c6bd1ad0) 
thrown [s\open\src\hotspot\share\interpreter\linkResolver.cpp, line 773]
Event: 1.445 Thread 0x0000022ebadade00 Exception <a 'java/lang/NoSuchMethodError'{0x00000000c6bd9260}: 'java.lang.Object java.lang.invoke.Invokers$Holder.linkToTargetMethod(java.lang.Object, java.lang.Object, int, java.lang.Object, java.lang.Object)'> (0x00000000c6bd9260) 
thrown [s\open\src\hotspot\share\interpreter\linkResolver.cpp, line 773]
Event: 1.447 Thread 0x0000022ebadade00 Exception <a 'java/lang/NoSuchMethodError'{0x00000000c6beba50}: 'java.lang.Object java.lang.invoke.DirectMethodHandle$Holder.newInvokeSpecial(java.lang.Object, int, java.lang.Object)'> (0x00000000c6beba50) 
thrown [s\open\src\hotspot\share\interpreter\linkResolver.cpp, line 773]
Event: 1.448 Thread 0x0000022ebadade00 Exception <a 'java/lang/NoSuchMethodError'{0x00000000c6bf0410}: 'int java.lang.invoke.DirectMethodHandle$Holder.invokeSpecialIFC(java.lang.Object, java.lang.Object, java.lang.Object, java.lang.Object)'> (0x00000000c6bf0410) 
thrown [s\open\src\hotspot\share\interpreter\linkResolver.cpp, line 773]
Event: 1.490 Thread 0x0000022ebadade00 Exception <a 'java/lang/NoSuchMethodError'{0x00000000c6abe168}: 'void java.lang.invoke.DirectMethodHandle$Holder.invokeInterface(java.lang.Object, java.lang.Object, java.lang.Object)'> (0x00000000c6abe168) 
thrown [s\open\src\hotspot\share\interpreter\linkResolver.cpp, line 773]
Event: 1.522 Thread 0x0000022ebadade00 Exception <a 'java/lang/NoSuchMethodError'{0x00000000c69359b0}: 'void java.lang.invoke.DirectMethodHandle$Holder.invokeStaticInit(java.lang.Object, java.lang.Object, java.lang.Object)'> (0x00000000c69359b0) 
thrown [s\open\src\hotspot\share\interpreter\linkResolver.cpp, line 773]
Event: 1.529 Thread 0x0000022ebadade00 Exception <a 'java/lang/NoSuchMethodError'{0x00000000c694c698}: 'java.lang.Object java.lang.invoke.DirectMethodHandle$Holder.invokeStatic(java.lang.Object, long, java.lang.Object)'> (0x00000000c694c698) 
thrown [s\open\src\hotspot\share\interpreter\linkResolver.cpp, line 773]
Event: 1.530 Thread 0x0000022ebadade00 Exception <a 'java/lang/NoSuchMethodError'{0x00000000c694fd00}: 'java.lang.Object java.lang.invoke.DirectMethodHandle$Holder.invokeStaticInit(java.lang.Object, long, java.lang.Object)'> (0x00000000c694fd00) 
thrown [s\open\src\hotspot\share\interpreter\linkResolver.cpp, line 773]
Event: 1.534 Thread 0x0000022ebadade00 Exception <a 'java/lang/NoSuchMethodError'{0x00000000c69554c0}: 'java.lang.Object java.lang.invoke.DirectMethodHandle$Holder.newInvokeSpecial(java.lang.Object, long)'> (0x00000000c69554c0) 
thrown [s\open\src\hotspot\share\interpreter\linkResolver.cpp, line 773]
Event: 1.560 Thread 0x0000022ebadade00 Exception <a 'java/lang/NoSuchMethodError'{0x00000000c69a7020}: 'void java.lang.invoke.DirectMethodHandle$Holder.invokeVirtual(java.lang.Object, java.lang.Object, java.lang.Object, java.lang.Object)'> (0x00000000c69a7020) 
thrown [s\open\src\hotspot\share\interpreter\linkResolver.cpp, line 773]

ZGC Phase Switch (0 events):
No events

VM Operations (14 events):
Event: 0.191 Executing VM operation: HandshakeAllThreads (Deoptimize)
Event: 0.191 Executing VM operation: HandshakeAllThreads (Deoptimize) done
Event: 0.601 Executing VM operation: HandshakeAllThreads (Deoptimize)
Event: 0.601 Executing VM operation: HandshakeAllThreads (Deoptimize) done
Event: 0.984 Executing VM operation: HandshakeAllThreads (Deoptimize)
Event: 0.984 Executing VM operation: HandshakeAllThreads (Deoptimize) done
Event: 0.984 Executing VM operation: HandshakeAllThreads (Deoptimize)
Event: 0.984 Executing VM operation: HandshakeAllThreads (Deoptimize) done
Event: 1.030 Executing VM operation: G1CollectForAllocation (G1 Evacuation Pause)
Event: 1.036 Executing VM operation: G1CollectForAllocation (G1 Evacuation Pause) done
Event: 1.126 Executing VM operation: HandshakeAllThreads (Deoptimize)
Event: 1.126 Executing VM operation: HandshakeAllThreads (Deoptimize) done
Event: 1.592 Executing VM operation: ICBufferFull
Event: 1.592 Executing VM operation: ICBufferFull done

Events (12 events):
Event: 0.048 Thread 0x0000022ebadade00 Thread added: 0x0000022ebadade00
Event: 0.066 Thread 0x0000022ed7a53a70 Thread added: 0x0000022ed7a53a70
Event: 0.066 Thread 0x0000022ed7a54c20 Thread added: 0x0000022ed7a54c20
Event: 0.066 Thread 0x0000022ed7a58ef0 Thread added: 0x0000022ed7a58ef0
Event: 0.066 Thread 0x0000022ed7a59be0 Thread added: 0x0000022ed7a59be0
Event: 0.066 Thread 0x0000022ed7a5c730 Thread added: 0x0000022ed7a5c730
Event: 0.067 Thread 0x0000022ed7a6b450 Thread added: 0x0000022ed7a6b450
Event: 0.067 Thread 0x0000022ed7a6fb20 Thread added: 0x0000022ed7a6fb20
Event: 0.067 Thread 0x0000022ed7a70850 Thread added: 0x0000022ed7a70850
Event: 0.177 Thread 0x0000022f1d04b5c0 Thread added: 0x0000022f1d04b5c0
Event: 0.496 Thread 0x0000022f1d37c240 Thread added: 0x0000022f1d37c240
Event: 0.496 Thread 0x0000022f1d384dd0 Thread added: 0x0000022f1d384dd0


Dynamic libraries:
0x00007ff7512c0000 - 0x00007ff7512d0000 	C:\Program Files\Java\jdk-21\bin\java.exe
0x00007ffcdf410000 - 0x00007ffcdf608000 	C:\Windows\SYSTEM32\ntdll.dll
0x00007ffcdeb00000 - 0x00007ffcdebc2000 	C:\Windows\System32\KERNEL32.DLL
0x00007ffcdcd30000 - 0x00007ffcdd026000 	C:\Windows\System32\KERNELBASE.dll
0x00007ffcdd130000 - 0x00007ffcdd230000 	C:\Windows\System32\ucrtbase.dll
0x00007ffcd7790000 - 0x00007ffcd77ab000 	C:\Program Files\Java\jdk-21\bin\VCRUNTIME140.dll
0x00007ffcd76b0000 - 0x00007ffcd76c9000 	C:\Program Files\Java\jdk-21\bin\jli.dll
0x00007ffcdf280000 - 0x00007ffcdf331000 	C:\Windows\System32\ADVAPI32.dll
0x00007ffcddb30000 - 0x00007ffcddbce000 	C:\Windows\System32\msvcrt.dll
0x00007ffcdd540000 - 0x00007ffcdd5df000 	C:\Windows\System32\sechost.dll
0x00007ffcdd710000 - 0x00007ffcdd830000 	C:\Windows\System32\RPCRT4.dll
0x00007ffcdd100000 - 0x00007ffcdd127000 	C:\Windows\System32\bcrypt.dll
0x00007ffcdd830000 - 0x00007ffcdd9d1000 	C:\Windows\System32\USER32.dll
0x00007ffccb520000 - 0x00007ffccb7bb000 	C:\Windows\WinSxS\amd64_microsoft.windows.common-controls_6595b64144ccf1df_6.0.19041.6456_none_60b8a6cb71f64256\COMCTL32.dll
0x00007ffcdd400000 - 0x00007ffcdd422000 	C:\Windows\System32\win32u.dll
0x00007ffcdf0a0000 - 0x00007ffcdf0cb000 	C:\Windows\System32\GDI32.dll
0x00007ffcdd230000 - 0x00007ffcdd349000 	C:\Windows\System32\gdi32full.dll
0x00007ffcdcaa0000 - 0x00007ffcdcb3d000 	C:\Windows\System32\msvcp_win.dll
0x00007ffcdc520000 - 0x00007ffcdc52a000 	C:\Windows\SYSTEM32\VERSION.dll
0x00007ffcde060000 - 0x00007ffcde08f000 	C:\Windows\System32\IMM32.DLL
0x00000000575e0000 - 0x00000000575ec000 	C:\Program Files (x86)\360\Total Security\safemon\SafeWrapper.dll
0x00007ffc7f1b0000 - 0x00007ffc7f25c000 	C:\Program Files (x86)\360\Total Security\safemon\libzdtp64.dll
0x00007ffcde090000 - 0x00007ffcde800000 	C:\Windows\System32\SHELL32.dll
0x00007ffcdefe0000 - 0x00007ffcdf03b000 	C:\Windows\System32\SHLWAPI.dll
0x00007ffcd9cd0000 - 0x00007ffcd9cdc000 	C:\Program Files\Java\jdk-21\bin\vcruntime140_1.dll
0x00007ffcb2ec0000 - 0x00007ffcb2f4e000 	C:\Program Files\Java\jdk-21\bin\msvcp140.dll
0x00007ffc73580000 - 0x00007ffc7429a000 	C:\Program Files\Java\jdk-21\bin\server\jvm.dll
0x00007ffcde960000 - 0x00007ffcde9cb000 	C:\Windows\System32\WS2_32.dll
0x00007ffcdc900000 - 0x00007ffcdc94b000 	C:\Windows\SYSTEM32\POWRPROF.dll
0x00007ffcccee0000 - 0x00007ffcccf07000 	C:\Windows\SYSTEM32\WINMM.dll
0x00007ffcdc8e0000 - 0x00007ffcdc8f2000 	C:\Windows\SYSTEM32\UMPDC.dll
0x00007ffcdb240000 - 0x00007ffcdb252000 	C:\Windows\SYSTEM32\kernel.appcore.dll
0x00007ffcd7670000 - 0x00007ffcd767a000 	C:\Program Files\Java\jdk-21\bin\jimage.dll
0x00007ffcda780000 - 0x00007ffcda981000 	C:\Windows\SYSTEM32\DBGHELP.DLL
0x00007ffcd48f0000 - 0x00007ffcd4924000 	C:\Windows\SYSTEM32\dbgcore.DLL
0x00007ffcdcb40000 - 0x00007ffcdcbc2000 	C:\Windows\System32\bcryptPrimitives.dll
0x00007ffcd76a0000 - 0x00007ffcd76af000 	C:\Program Files\Java\jdk-21\bin\instrument.dll
0x00007ffcd7680000 - 0x00007ffcd769f000 	C:\Program Files\Java\jdk-21\bin\java.dll
0x00007ffcdaa80000 - 0x00007ffcdb225000 	C:\Windows\SYSTEM32\windows.storage.dll
0x00007ffcdebd0000 - 0x00007ffcdef24000 	C:\Windows\System32\combase.dll
0x00007ffcdc380000 - 0x00007ffcdc3ab000 	C:\Windows\SYSTEM32\Wldp.dll
0x00007ffcdea30000 - 0x00007ffcdeafd000 	C:\Windows\System32\OLEAUT32.dll
0x00007ffcdef30000 - 0x00007ffcdefdd000 	C:\Windows\System32\SHCORE.dll
0x00007ffcdc9d0000 - 0x00007ffcdc9f4000 	C:\Windows\SYSTEM32\profapi.dll
0x00007ffca8dd0000 - 0x00007ffca8ea7000 	C:\Program Files\Java\jdk-21\bin\jsvml.dll
0x00007ffcd4cf0000 - 0x00007ffcd4d08000 	C:\Program Files\Java\jdk-21\bin\zip.dll
0x00007ffcd4ce0000 - 0x00007ffcd4cf0000 	C:\Program Files\Java\jdk-21\bin\net.dll
0x00007ffcd4e90000 - 0x00007ffcd4f9a000 	C:\Windows\SYSTEM32\WINHTTP.dll
0x00007ffcdc0e0000 - 0x00007ffcdc14a000 	C:\Windows\system32\mswsock.dll
0x00007ffcd34e0000 - 0x00007ffcd34f6000 	C:\Program Files\Java\jdk-21\bin\nio.dll
0x00007ffcd4cd0000 - 0x00007ffcd4cd9000 	C:\Program Files\Java\jdk-21\bin\extnet.dll

dbghelp: loaded successfully - version: 4.0.5 - missing functions: none
symbol engine: initialized successfully - sym options: 0x614 - pdb path: .;C:\Program Files\Java\jdk-21\bin;C:\Windows\SYSTEM32;C:\Windows\WinSxS\amd64_microsoft.windows.common-controls_6595b64144ccf1df_6.0.19041.6456_none_60b8a6cb71f64256;C:\Program Files (x86)\360\Total Security\safemon;C:\Program Files\Java\jdk-21\bin\server

VM Arguments:
jvm_args: -javaagent:C:\Program Files\JetBrains\IntelliJ IDEA Community Edition 2025.2.2\lib\idea_rt.jar=60299 -Dfile.encoding=UTF-8 -Dsun.stdout.encoding=UTF-8 -Dsun.stderr.encoding=UTF-8 
java_command: Examen1erParcial.sis414.Sis414Application
java_class_path (initial): C:\Users\MARCELO\Desktop\examen1erparcial\target\classes;C:\Users\MARCELO\.m2\repository\org\springframework\boot\spring-boot-starter-web\3.3.4\spring-boot-starter-web-3.3.4.jar;C:\Users\MARCELO\.m2\repository\org\springframework\boot\spring-boot-starter\3.3.4\spring-boot-starter-3.3.4.jar;C:\Users\MARCELO\.m2\repository\org\springframework\boot\spring-boot\3.3.4\spring-boot-3.3.4.jar;C:\Users\MARCELO\.m2\repository\org\springframework\boot\spring-boot-autoconfigure\3.3.4\spring-boot-autoconfigure-3.3.4.jar;C:\Users\MARCELO\.m2\repository\org\springframework\boot\spring-boot-starter-logging\3.3.4\spring-boot-starter-logging-3.3.4.jar;C:\Users\MARCELO\.m2\repository\ch\qos\logback\logback-classic\1.5.8\logback-classic-1.5.8.jar;C:\Users\MARCELO\.m2\repository\ch\qos\logback\logback-core\1.5.8\logback-core-1.5.8.jar;C:\Users\MARCELO\.m2\repository\org\apache\logging\log4j\log4j-to-slf4j\2.23.1\log4j-to-slf4j-2.23.1.jar;C:\Users\MARCELO\.m2\repository\org\apache\logging\log4j\log4j-api\2.23.1\log4j-api-2.23.1.jar;C:\Users\MARCELO\.m2\repository\org\slf4j\jul-to-slf4j\2.0.16\jul-to-slf4j-2.0.16.jar;C:\Users\MARCELO\.m2\repository\jakarta\annotation\jakarta.annotation-api\2.1.1\jakarta.annotation-api-2.1.1.jar;C:\Users\MARCELO\.m2\repository\org\yaml\snakeyaml\2.2\snakeyaml-2.2.jar;C:\Users\MARCELO\.m2\repository\org\springframework\boot\spring-boot-starter-json\3.3.4\spring-boot-starter-json-3.3.4.jar;C:\Users\MARCELO\.m2\repository\com\fasterxml\jackson\core\jackson-databind\2.17.2\jackson-databind-2.17.2.jar;C:\Users\MARCELO\.m2\repository\com\fasterxml\jackson\core\jackson-annotations\2.17.2\jackson-annotations-2.17.2.jar;C:\Users\MARCELO\.m2\repository\com\fasterxml\jackson\core\jackson-core\2.17.2\jackson-core-2.17.2.jar;C:\Users\MARCELO\.m2\repository\com\fasterxml\jackson\datatype\jackson-datatype-jdk8\2.17.2\jackson-datatype-jdk8-2.17.2.jar;C:\Users\MARCELO\.m2\repository\com\fasterxml\jackson\datatype\jackson-datatype-jsr310\2.17.2\jackson-datatype-jsr310-2.17.2.jar;C:\Users\MARCELO\.m2\repository\com\fasterxml\jackson\module\jackson-module-parameter-names\2.17.2\jackson-module-parameter-names-2.17.2.jar;C:\Users\MARCELO\.m2\repository\org\springframework\boot\spring-boot-starter-tomcat\3.3.4\spring-boot-starter-tomcat-3.3.4.jar;C:\Users\MARCELO\.m2\repository\org\apache\tomcat\embed\tomcat-embed-core\10.1.30\tomcat-embed-core-10.1.30.jar;C:\Users\MARCELO\.m2\repository\org\apache\tomcat\embed\tomcat-embed-el\10.1.30\tomcat-embed-el-10.1.30.jar;C:\Users\MARCELO\.m2\repository\org\apache\tomcat\embed\tomcat-embed-websocket\10.1.30\tomcat-embed-websocket-10.1.30.jar;C:\Users\MARCELO\.m2\repository\org\springframework\spring-web\6.1.13\spring-web-6.1.13.jar;C:\Users\MARCELO\.m2\repository\org\springframework\spring-beans\6.1.13\spring-beans-6.1.13.jar;C:\Users\MARCELO\.m2\repository\io\micrometer\micrometer-observation\1.13.4\micrometer-observation-1.13.4.jar;C:\Users\MARCELO\.m2\repository\io\micrometer\micrometer-commons\1.13.4\micrometer-commons-1.13.4.jar;C:\Users\MARCELO\.m2\repository\org\springframework\spring-webmvc\6.1.13\spring-webmvc-6.1.13.jar;C:\Users\MARCELO\.m2\repository\org\springframework\spring-aop\6.1.13\spring-aop-6.1.13.jar;C:\Users\MARCELO\.m2\repository\org\springframework\spring-context\6.1.13\spring-context-6.1.13.jar;C:\Users\MARCELO\.m2\repository\org\springframework\spring-expression\6.1.13\spring-expression-6.1.13.jar;C:\Users\MARCELO\.m2\repository\org\slf4j\slf4j-api\2.0.16\slf4j-api-2.0.16.jar;C:\Users\MARCELO\.m2\repository\org\springframework\spring-core\6.1.13\spring-core-6.1.13.jar;C:\Users\MARCELO\.m2\repository\org\springframework\spring-jcl\6.1.13\spring-jcl-6.1.13.jar
Launcher Type: SUN_STANDARD

[Global flags]
     intx CICompilerCount                          = 3                                         {product} {ergonomic}
     uint ConcGCThreads                            = 1                                         {product} {ergonomic}
     uint G1ConcRefinementThreads                  = 4                                         {product} {ergonomic}
   size_t G1HeapRegionSize                         = 1048576                                   {product} {ergonomic}
    uintx GCDrainStackTargetSize                   = 64                                        {product} {ergonomic}
   size_t InitialHeapSize                          = 65011712                                  {product} {ergonomic}
   size_t MarkStackSize                            = 4194304                                   {product} {ergonomic}
   size_t MaxHeapSize                              = 1017118720                                {product} {ergonomic}
   size_t MaxNewSize                               = 610271232                                 {product} {ergonomic}
   size_t MinHeapDeltaBytes                        = 1048576                                   {product} {ergonomic}
   size_t MinHeapSize                              = 8388608                                   {product} {ergonomic}
    uintx NonNMethodCodeHeapSize                   = 5832780                                {pd product} {ergonomic}
    uintx NonProfiledCodeHeapSize                  = 122912730                              {pd product} {ergonomic}
    uintx ProfiledCodeHeapSize                     = 122912730                              {pd product} {ergonomic}
    uintx ReservedCodeCacheSize                    = 251658240                              {pd product} {ergonomic}
     bool SegmentedCodeCache                       = true                                      {product} {ergonomic}
   size_t SoftMaxHeapSize                          = 1017118720                             {manageable} {ergonomic}
     bool UseCompressedOops                        = true                           {product lp64_product} {ergonomic}
     bool UseG1GC                                  = true                                      {product} {ergonomic}
     bool UseLargePagesIndividualAllocation        = false                                  {pd product} {ergonomic}

Logging:
Log output configuration:
 #0: stdout all=warning uptime,level,tags foldmultilines=false
 #1: stderr all=off uptime,level,tags foldmultilines=false

Environment Variables:
PATH=C:\Program Files\Common Files\Oracle\Java\javapath;C:\Program Files\Microsoft MPI\Bin\;C:\Program Files\Eclipse Adoptium\jdk-17.0.12.7-hotspot\bin;C:\Program Files\Eclipse Adoptium\jdk-21.0.4.7-hotspot\bin;C:\Windows\system32;C:\Windows;C:\Windows\System32\Wbem;C:\Windows\System32\WindowsPowerShell\v1.0\;C:\Windows\System32\OpenSSH\;C:\Program Files\IBM\SPSS\Statistics\25\JRE\bin;C:\Program Files\Git\cmd;C:\Program Files (x86)\Microsoft SQL Server\160\Tools\Binn\;C:\Program Files\Microsoft SQL Server\160\Tools\Binn\;C:\Program Files\Microsoft SQL Server\Client SDK\ODBC\170\Tools\Binn\;C:\Program Files\Microsoft SQL Server\160\DTS\Binn\;C:\Program Files (x86)\Microsoft SQL Server\160\DTS\Binn\;C:\Program Files\nodejs\;C:\Users\MARCELO\AppData\Local\Microsoft\WindowsApps;C:\Users\MARCELO\AppData\Local\Programs\Microsoft VS Code\bin;C:\Users\MARCELO\AppData\Roaming\npm
USERNAME=MARCELO
OS=Windows_NT
PROCESSOR_IDENTIFIER=Intel64 Family 6 Model 126 Stepping 5, GenuineIntel
TMP=C:\Users\MARCELO\AppData\Local\Temp
TEMP=C:\Users\MARCELO\AppData\Local\Temp




Periodic native trim disabled

---------------  S Y S T E M  ---------------

OS:
 Windows 10 , 64 bit Build 19041 (10.0.19041.5915)
OS uptime: 7 days 1:19 hours

CPU: total 4 (initial active 4) (2 cores per cpu, 2 threads per core) family 6 model 126 stepping 5 microcode 0x78, cx8, cmov, fxsr, ht, mmx, 3dnowpref, sse, sse2, sse3, ssse3, sse4.1, sse4.2, popcnt, lzcnt, tsc, tscinvbit, avx, avx2, aes, erms, clmul, bmi1, bmi2, adx, avx512f, avx512dq, avx512cd, avx512bw, avx512vl, sha, fma, vzeroupper, avx512_vpopcntdq, avx512_vpclmulqdq, avx512_vaes, avx512_vnni, clflush, clflushopt, avx512_vbmi2, avx512_vbmi, rdtscp, rdpid, fsrm, gfni, avx512_bitalg, f16c, pku, avx512_ifma
Processor Information for all 4 processors :
  Max Mhz: 1190, Current Mhz: 1190, Mhz Limit: 1190

Memory: 4k page, system-wide physical 3877M (291M free)
TotalPageFile size 15653M (AvailPageFile size 0M)
current process WorkingSet (physical memory assigned to process): 76M, peak: 76M
current process commit charge ("private bytes"): 153M, peak: 154M

vm_info: Java HotSpot(TM) 64-Bit Server VM (21.0.7+8-LTS-245) for windows-amd64 JRE (21.0.7+8-LTS-245), built on 2025-02-21T05:11:27Z by "mach5one" with MS VC++ 17.6 (VS2022)

END.
